Build started 2014/2/14 20:57:57.
     1>Project "F:\workspacecsharp\RecentProject\SimplifiedQSlimLibrary\QSlimCros\QSlimCros.vcxproj" on node 2 (build target(s)).
     1>InitializeBuildStatus:
         Creating "Release\QSlimCros.unsuccessfulbuild" because "AlwaysCreate" was specified.
       ClCompile:
         D:\Program Files (x86)\Microsoft Visual Studio 10.0\VC\bin\CL.exe /c /Zi /nologo /W3 /WX- /O2 /Oi /Oy- /GL /D _MBCS /Gm- /EHsc /MD /GS /Gy /fp:precise /Zc:wchar_t /Zc:forScope /Fo"Release\\" /Fd"Release\vc100.pdb" /Gd /TP /analyze- /errorReport:prompt main.cpp QSlim.cpp
         main.cpp
         QSlim.cpp
       Link:
         D:\Program Files (x86)\Microsoft Visual Studio 10.0\VC\bin\link.exe /ERRORREPORT:PROMPT /OUT:"F:\workspacecsharp\RecentProject\SimplifiedQSlimLibrary\Release\QSlimCros.exe" /NOLOGO kernel32.lib user32.lib gdi32.lib winspool.lib comdlg32.lib advapi32.lib shell32.lib ole32.lib oleaut32.lib uuid.lib odbc32.lib odbccp32.lib /MANIFEST /ManifestFile:"Release\QSlimCros.exe.intermediate.manifest" /MANIFESTUAC:"level='asInvoker' uiAccess='false'" /DEBUG /PDB:"F:\workspacecsharp\RecentProject\SimplifiedQSlimLibrary\Release\QSlimCros.pdb" /OPT:REF /OPT:ICF /LTCG /TLBID:1 /DYNAMICBASE /NXCOMPAT /IMPLIB:"F:\workspacecsharp\RecentProject\SimplifiedQSlimLibrary\Release\QSlimCros.lib" /MACHINE:X86 Release\main.obj
         Release\QSlim.obj
         Generating code
         Finished generating code
         QSlimCros.vcxproj -> F:\workspacecsharp\RecentProject\SimplifiedQSlimLibrary\Release\QSlimCros.exe
       Manifest:
         C:\Program Files (x86)\Microsoft SDKs\Windows\v7.0A\bin\mt.exe /nologo /verbose /outputresource:"F:\workspacecsharp\RecentProject\SimplifiedQSlimLibrary\Release\QSlimCros.exe;#1" /manifest Release\QSlimCros.exe.intermediate.manifest
       FinalizeBuildStatus:
         Deleting file "Release\QSlimCros.unsuccessfulbuild".
         Touching "Release\QSlimCros.lastbuildstate".
     1>Done Building Project "F:\workspacecsharp\RecentProject\SimplifiedQSlimLibrary\QSlimCros\QSlimCros.vcxproj" (build target(s)).

Build succeeded.

Time Elapsed 00:00:01.65
