Build started 2014/1/27 21:54:46.
     1>Project "F:\workspacecsharp\C++Proj\QSlimCros\QSlimCros\QSlimCros.vcxproj" on node 2 (build target(s)).
     1>InitializeBuildStatus:
         Creating "Debug\QSlimCros.unsuccessfulbuild" because "AlwaysCreate" was specified.
       ClCompile:
         D:\Program Files (x86)\Microsoft Visual Studio 10.0\VC\bin\CL.exe /c /ZI /nologo /W3 /WX- /Od /Oy- /D _MBCS /Gm /EHsc /RTC1 /MDd /GS /fp:precise /Zc:wchar_t /Zc:forScope /Fo"Debug\\" /Fd"Debug\vc100.pdb" /Gd /TP /analyze- /errorReport:prompt main.cpp
         main.cpp
     1>f:\workspacecsharp\c++proj\qslimcros\qslimcros\main.cpp(83): warning C4244: 'argument' : conversion from 'real' to 'float', possible loss of data
     1>f:\workspacecsharp\c++proj\qslimcros\qslimcros\main.cpp(83): warning C4244: 'argument' : conversion from 'real' to 'float', possible loss of data
     1>f:\workspacecsharp\c++proj\qslimcros\qslimcros\main.cpp(83): warning C4244: 'argument' : conversion from 'real' to 'float', possible loss of data
       Link:
         D:\Program Files (x86)\Microsoft Visual Studio 10.0\VC\bin\link.exe /ERRORREPORT:PROMPT /OUT:"F:\workspacecsharp\C++Proj\QSlimCros\Debug\QSlimCros.exe" /NOLOGO kernel32.lib user32.lib gdi32.lib winspool.lib comdlg32.lib advapi32.lib shell32.lib ole32.lib oleaut32.lib uuid.lib odbc32.lib odbccp32.lib /MANIFEST /ManifestFile:"Debug\QSlimCros.exe.intermediate.manifest" /MANIFESTUAC:"level='asInvoker' uiAccess='false'" /DEBUG /PDB:"F:\workspacecsharp\C++Proj\QSlimCros\Debug\QSlimCros.pdb" /TLBID:1 /DYNAMICBASE /NXCOMPAT /IMPLIB:"F:\workspacecsharp\C++Proj\QSlimCros\Debug\QSlimCros.lib" /MACHINE:X86 Debug\main.obj
         Debug\QSlim.obj
         Debug\QSlimBase.obj
         LINK : F:\workspacecsharp\C++Proj\QSlimCros\Debug\QSlimCros.exe not found or not built by the last incremental link; performing full link
         QSlimCros.vcxproj -> F:\workspacecsharp\C++Proj\QSlimCros\Debug\QSlimCros.exe
       Manifest:
         C:\Program Files (x86)\Microsoft SDKs\Windows\v7.0A\bin\mt.exe /nologo /verbose /outputresource:"F:\workspacecsharp\C++Proj\QSlimCros\Debug\QSlimCros.exe;#1" /manifest Debug\QSlimCros.exe.intermediate.manifest
       FinalizeBuildStatus:
         Deleting file "Debug\QSlimCros.unsuccessfulbuild".
         Touching "Debug\QSlimCros.lastbuildstate".
     1>Done Building Project "F:\workspacecsharp\C++Proj\QSlimCros\QSlimCros\QSlimCros.vcxproj" (build target(s)).

Build succeeded.

Time Elapsed 00:00:00.97
